  Error.cpp
D:\Программирование\3_сем\КПО\ZMI-2025\ZMI-2025\FST_def.h(329,9): warning C4005: FST_TWOPOINT: изменение макроопределения
  (компиляция исходного файла "Error.cpp")
      D:\Программирование\3_сем\КПО\ZMI-2025\ZMI-2025\FST_def.h(313,9):
      см. предыдущее определение "FST_TWOPOINT"
  
  FST.cpp
D:\Программирование\3_сем\КПО\ZMI-2025\ZMI-2025\FST_def.h(329,9): warning C4005: FST_TWOPOINT: изменение макроопределения
  (компиляция исходного файла "FST.cpp")
      D:\Программирование\3_сем\КПО\ZMI-2025\ZMI-2025\FST_def.h(313,9):
      см. предыдущее определение "FST_TWOPOINT"
  
  Generation.cpp
D:\Программирование\3_сем\КПО\ZMI-2025\ZMI-2025\FST_def.h(329,9): warning C4005: FST_TWOPOINT: изменение макроопределения
  (компиляция исходного файла "Generation.cpp")
      D:\Программирование\3_сем\КПО\ZMI-2025\ZMI-2025\FST_def.h(313,9):
      см. предыдущее определение "FST_TWOPOINT"
  
  Greibach.cpp
D:\Программирование\3_сем\КПО\ZMI-2025\ZMI-2025\FST_def.h(329,9): warning C4005: FST_TWOPOINT: изменение макроопределения
  (компиляция исходного файла "Greibach.cpp")
      D:\Программирование\3_сем\КПО\ZMI-2025\ZMI-2025\FST_def.h(313,9):
      см. предыдущее определение "FST_TWOPOINT"
  
  In.cpp
  IT.cpp
D:\Программирование\3_сем\КПО\ZMI-2025\ZMI-2025\FST_def.h(329,9): warning C4005: FST_TWOPOINT: изменение макроопределения
  (компиляция исходного файла "IT.cpp")
      D:\Программирование\3_сем\КПО\ZMI-2025\ZMI-2025\FST_def.h(313,9):
      см. предыдущее определение "FST_TWOPOINT"
  
  Lex.cpp
D:\Программирование\3_сем\КПО\ZMI-2025\ZMI-2025\FST_def.h(329,9): warning C4005: FST_TWOPOINT: изменение макроопределения
  (компиляция исходного файла "Lex.cpp")
      D:\Программирование\3_сем\КПО\ZMI-2025\ZMI-2025\FST_def.h(313,9):
      см. предыдущее определение "FST_TWOPOINT"
  
D:\Программирование\3_сем\КПО\ZMI-2025\ZMI-2025\Lex.cpp(26,34): warning C4244: +=: преобразование "double" в "int", возможна потеря данных
D:\Программирование\3_сем\КПО\ZMI-2025\ZMI-2025\Lex.cpp(41,17): warning C4244: +=: преобразование "double" в "int", возможна потеря данных
  Log.cpp
  LT.cpp
D:\Программирование\3_сем\КПО\ZMI-2025\ZMI-2025\FST_def.h(329,9): warning C4005: FST_TWOPOINT: изменение макроопределения
  (компиляция исходного файла "LT.cpp")
      D:\Программирование\3_сем\КПО\ZMI-2025\ZMI-2025\FST_def.h(313,9):
      см. предыдущее определение "FST_TWOPOINT"
  
  MFST.cpp
D:\Программирование\3_сем\КПО\ZMI-2025\ZMI-2025\FST_def.h(329,9): warning C4005: FST_TWOPOINT: изменение макроопределения
  (компиляция исходного файла "MFST.cpp")
      D:\Программирование\3_сем\КПО\ZMI-2025\ZMI-2025\FST_def.h(313,9):
      см. предыдущее определение "FST_TWOPOINT"
  
D:\Программирование\3_сем\КПО\ZMI-2025\ZMI-2025\MFST.cpp(264,66): warning C4267: =: преобразование из "size_t" в "short"; возможна потеря данных
  Parm.cpp
  PN.cpp
D:\Программирование\3_сем\КПО\ZMI-2025\ZMI-2025\FST_def.h(329,9): warning C4005: FST_TWOPOINT: изменение макроопределения
  (компиляция исходного файла "PN.cpp")
      D:\Программирование\3_сем\КПО\ZMI-2025\ZMI-2025\FST_def.h(313,9):
      см. предыдущее определение "FST_TWOPOINT"
  
  Sem.cpp
D:\Программирование\3_сем\КПО\ZMI-2025\ZMI-2025\FST_def.h(329,9): warning C4005: FST_TWOPOINT: изменение макроопределения
  (компиляция исходного файла "Sem.cpp")
      D:\Программирование\3_сем\КПО\ZMI-2025\ZMI-2025\FST_def.h(313,9):
      см. предыдущее определение "FST_TWOPOINT"
  
  ZMI-2025.cpp
D:\Программирование\3_сем\КПО\ZMI-2025\ZMI-2025\FST_def.h(329,9): warning C4005: FST_TWOPOINT: изменение макроопределения
  (компиляция исходного файла "ZMI-2025.cpp")
      D:\Программирование\3_сем\КПО\ZMI-2025\ZMI-2025\FST_def.h(313,9):
      см. предыдущее определение "FST_TWOPOINT"
  
D:\Программирование\3_сем\КПО\ZMI-2025\ZMI-2025\ZMI-2025.cpp(84,22): warning C4101: e: неиспользованная локальная переменная
  Создание кода...
  ZMI-2025.vcxproj -> D:\Программирование\3_сем\КПО\ZMI-2025\Debug\ZMI-2025.exe
