
----------------- Поток лексем ---------------------
01 tfi(ti,ti){
02 ti;
03 i=ivi;
04 ri;
05 }
07 sfi(){
08 si;
09 i=l;
10 ri;
11 }
13 m{
14 ti;
15 ti;
16 ti;
17 ti;
18 ci;
19 si;
20 ti;
22 i=l;
23 i=l;
25 i=l;
26 i=l;
27 i=l;
29 i=i(i,i);
31 i=i();
32 ovi;
33 ovi;
35 h(i){
36 al:{
37 i=l;
38 ovi;
39 }
40 al:{
41 i=l;
42 ovi;
43 }
44 d:{
45 i=l;
46 ovi;
47 }
48 }
50 i=ivl;
51 i=ivl;
52 ovi;
54 }


-----Таблица лексем после преобразования в ПОЛИЗ (Сырая)

----------------- Поток лексем ---------------------
01 tfi(ti,ti){
02 ti;
03 i=iiv;
04 ri;
05 }
07 sfi(){
08 si;
09 i=l;
10 ri;
11 }
13 m{
14 ti;
15 ti;
16 ti;
17 ti;
18 ci;
19 si;
20 ti;
22 i=l;
23 i=l;
25 i=l;
26 i=l;
27 i=l;
29 i=ii@;
31 i=@;
32 oiv;
33 oiv;
35 h(i){
36 al:{
37 i=l;
38 oiv;
39 }
40 al:{
41 i=l;
42 oiv;
43 }
44 d:{
45 i=l;
46 oiv;
47 }
48 }
50 i=ilv;
51 i=ilv;
52 oiv;
54 }


----------------- Декодированная Польская запись (ПОЛИЗ) ---------------------
Номер строки | Выражение в ПОЛИЗ
------------------------------------------------------------------------------
01           | calculator a b 
02           | res ;
03           | res = a b + ;
04           | return res ;
05           | 07           | getmessage 
08           | msg ;
09           | msg = "Resuit is" ;
10           | return msg ;
11           | 13           | 14           | x ;
15           | y ;
16           | hexVal ;
17           | binVal ;
18           | symbol ;
19           | s ;
20           | result ;
22           | x = 10 ;
23           | y = 5 ;
25           | hexVal = 255 ;
26           | binVal = 5 ;
27           | symbol = 'A' ;
29           | result = x y CALL2 ;
31           | s = CALL0 ;
32           | cout s < ;
33           | cout result < ;
35           | result 
36           | 15 
37           | s = "Correct" ;
38           | cout s < ;
39           | 40           | 0 
41           | s = "Zero" ;
42           | cout s < ;
43           | 44           | 45           | s = "Unknown" ;
46           | cout s < ;
47           | 48           | 50           | result = result 2 * ;
51           | result = result 3 / ;
52           | cout result < ;
54           | 
------------------------------------------------------------------------------
